0 info it worked if it ends with ok
1 verbose cli [ '/home/cheenee/.nvm/versions/node/v7.7.1/bin/node',
1 verbose cli   '/home/cheenee/.nvm/versions/node/v7.7.1/bin/npm',
1 verbose cli   'run',
1 verbose cli   'build:prod' ]
2 info using npm@4.1.2
3 info using node@v7.7.1
4 verbose run-script [ 'prebuild:prod', 'build:prod', 'postbuild:prod' ]
5 info lifecycle webpack2_tutorial@1.0.0~prebuild:prod: webpack2_tutorial@1.0.0
6 silly lifecycle webpack2_tutorial@1.0.0~prebuild:prod: no script for prebuild:prod, continuing
7 info lifecycle webpack2_tutorial@1.0.0~build:prod: webpack2_tutorial@1.0.0
8 verbose lifecycle webpack2_tutorial@1.0.0~build:prod: unsafe-perm in lifecycle true
9 verbose lifecycle webpack2_tutorial@1.0.0~build:prod: PATH: /home/cheenee/.nvm/versions/node/v7.7.1/lib/node_modules/npm/bin/node-gyp-bin:/var/www/Webpack2Tutorial/node_modules/.bin:/home/cheenee/.nvm/versions/node/v7.7.1/bin:/usr/local/sbin:/usr/local/bin:/usr/sbin:/usr/bin:/sbin:/bin:/usr/games:/usr/local/games
10 verbose lifecycle webpack2_tutorial@1.0.0~build:prod: CWD: /var/www/Webpack2Tutorial
11 silly lifecycle webpack2_tutorial@1.0.0~build:prod: Args: [ '-c', 'webpack src/js/app.js dist/bundle.js -p' ]
12 silly lifecycle webpack2_tutorial@1.0.0~build:prod: Returned: code: 2  signal: null
13 info lifecycle webpack2_tutorial@1.0.0~build:prod: Failed to exec build:prod script
14 verbose stack Error: webpack2_tutorial@1.0.0 build:prod: `webpack src/js/app.js dist/bundle.js -p`
14 verbose stack Exit status 2
14 verbose stack     at EventEmitter.<anonymous> (/home/cheenee/.nvm/versions/node/v7.7.1/lib/node_modules/npm/lib/utils/lifecycle.js:279:16)
14 verbose stack     at emitTwo (events.js:106:13)
14 verbose stack     at EventEmitter.emit (events.js:194:7)
14 verbose stack     at ChildProcess.<anonymous> (/home/cheenee/.nvm/versions/node/v7.7.1/lib/node_modules/npm/lib/utils/spawn.js:40:14)
14 verbose stack     at emitTwo (events.js:106:13)
14 verbose stack     at ChildProcess.emit (events.js:194:7)
14 verbose stack     at maybeClose (internal/child_process.js:899:16)
14 verbose stack     at Process.ChildProcess._handle.onexit (internal/child_process.js:226:5)
15 verbose pkgid webpack2_tutorial@1.0.0
16 verbose cwd /var/www/Webpack2Tutorial
17 error Linux 4.4.0-31-generic
18 error argv "/home/cheenee/.nvm/versions/node/v7.7.1/bin/node" "/home/cheenee/.nvm/versions/node/v7.7.1/bin/npm" "run" "build:prod"
19 error node v7.7.1
20 error npm  v4.1.2
21 error code ELIFECYCLE
22 error webpack2_tutorial@1.0.0 build:prod: `webpack src/js/app.js dist/bundle.js -p`
22 error Exit status 2
23 error Failed at the webpack2_tutorial@1.0.0 build:prod script 'webpack src/js/app.js dist/bundle.js -p'.
23 error Make sure you have the latest version of node.js and npm installed.
23 error If you do, this is most likely a problem with the webpack2_tutorial package,
23 error not with npm itself.
23 error Tell the author that this fails on your system:
23 error     webpack src/js/app.js dist/bundle.js -p
23 error You can get information on how to open an issue for this project with:
23 error     npm bugs webpack2_tutorial
23 error Or if that isn't available, you can get their info via:
23 error     npm owner ls webpack2_tutorial
23 error There is likely additional logging output above.
24 verbose exit [ 1, true ]
